2020-06-28 00:15:30,582 [Worker-1: Loading available Gradle versions] INFO  o.e.b.c.i.u.g.PublishedGradleVersions - Gradle version information cache is out-of-date. Trying to update.
2020-06-28 00:27:19,817 [Worker-24: Import Getting Started Content] INFO  o.e.m.c.i.l.LifecycleMappingFactory - Using org.eclipse.m2e.jdt.JarLifecycleMapping lifecycle mapping for MavenProject: jack:Spring-Starter-Hello-World:0.0.1-SNAPSHOT @ G:\0 Software developement Practices\Java Programming\Spring.io.online-guide\Spring-Starter-Hello-World\pom.xml.
2020-06-28 00:27:25,756 [Worker-24: Import Getting Started Content] INFO  o.e.m.j.i.AbstractJavaProjectConfigurator - Adding source folder /Spring-Starter-Hello-World/src/main/java
2020-06-28 00:27:25,756 [Worker-24: Import Getting Started Content] INFO  o.e.m.j.i.AbstractJavaProjectConfigurator - Adding resource folder /Spring-Starter-Hello-World/src/main/resources
2020-06-28 00:27:25,772 [Worker-24: Import Getting Started Content] INFO  o.e.m.j.i.AbstractJavaProjectConfigurator - Adding resource folder /Spring-Starter-Hello-World/src/main/resources
2020-06-28 00:27:25,788 [Worker-24: Import Getting Started Content] INFO  o.e.m.j.i.AbstractJavaProjectConfigurator - Adding source folder /Spring-Starter-Hello-World/src/test/java
2020-06-28 00:27:28,925 [Worker-24: Import Getting Started Content] INFO  o.e.m.c.i.p.ProjectConfigurationManager - Imported and configured 1 project(s) in 18 sec
2020-06-28 00:27:28,941 [Worker-24: Import Getting Started Content] INFO  o.e.m.c.i.p.ProjectConfigurationManager - Update started
2020-06-28 00:27:29,937 [Worker-24: Import Getting Started Content] INFO  o.e.m.c.i.l.LifecycleMappingFactory - Using org.eclipse.m2e.jdt.JarLifecycleMapping lifecycle mapping for MavenProject: jack:Spring-Starter-Hello-World:0.0.1-SNAPSHOT @ G:\0 Software developement Practices\Java Programming\Spring.io.online-guide\Spring-Starter-Hello-World\pom.xml.
2020-06-28 00:27:30,839 [Worker-24: Import Getting Started Content] INFO  o.e.m.j.i.AbstractJavaProjectConfigurator - Adding source folder /Spring-Starter-Hello-World/src/main/java
2020-06-28 00:27:30,840 [Worker-24: Import Getting Started Content] INFO  o.e.m.j.i.AbstractJavaProjectConfigurator - Adding resource folder /Spring-Starter-Hello-World/src/main/resources
2020-06-28 00:27:30,841 [Worker-24: Import Getting Started Content] INFO  o.e.m.j.i.AbstractJavaProjectConfigurator - Adding resource folder /Spring-Starter-Hello-World/src/main/resources
2020-06-28 00:27:30,842 [Worker-24: Import Getting Started Content] INFO  o.e.m.j.i.AbstractJavaProjectConfigurator - Adding source folder /Spring-Starter-Hello-World/src/test/java
2020-06-28 00:27:31,626 [Worker-24: Import Getting Started Content] INFO  o.e.m.c.i.p.ProjectConfigurationManager - Update completed: 2 sec
2020-06-28 00:27:33,685 [Worker-26: Building] INFO  o.e.m.c.i.embedder.EclipseLogger - Using 'UTF-8' encoding to copy filtered resources.
2020-06-28 00:27:33,685 [Worker-26: Building] INFO  o.e.m.c.i.embedder.EclipseLogger - Copying 1 resource
2020-06-28 00:27:33,701 [Worker-26: Building] INFO  o.e.m.c.i.embedder.EclipseLogger - Copying 0 resource
2020-06-28 00:27:33,717 [Worker-26: Building] INFO  o.e.m.c.i.embedder.EclipseLogger - Using 'UTF-8' encoding to copy filtered resources.
2020-06-28 00:27:33,717 [Worker-26: Building] INFO  o.e.m.c.i.embedder.EclipseLogger - skip non existing resourceDirectory G:\0 Software developement Practices\Java Programming\Spring.io.online-guide\Spring-Starter-Hello-World\src\test\resources
2020-06-28 00:34:02,694 [Worker-26: Building] INFO  o.e.m.c.i.embedder.EclipseLogger - Using 'UTF-8' encoding to copy filtered resources.
2020-06-28 00:34:02,710 [Worker-26: Building] INFO  o.e.m.c.i.embedder.EclipseLogger - Copying 1 resource
2020-06-28 00:34:02,710 [Worker-26: Building] INFO  o.e.m.c.i.embedder.EclipseLogger - Copying 0 resource
2020-06-28 00:34:02,710 [Worker-26: Building] INFO  o.e.m.c.i.embedder.EclipseLogger - Using 'UTF-8' encoding to copy filtered resources.
2020-06-28 00:34:02,710 [Worker-26: Building] INFO  o.e.m.c.i.embedder.EclipseLogger - skip non existing resourceDirectory G:\0 Software developement Practices\Java Programming\Spring.io.online-guide\Spring-Starter-Hello-World\src\test\resources
2020-06-28 00:35:47,693 [Worker-33: Building] INFO  o.e.m.c.i.embedder.EclipseLogger - Using 'UTF-8' encoding to copy filtered resources.
2020-06-28 00:35:47,709 [Worker-33: Building] INFO  o.e.m.c.i.embedder.EclipseLogger - Copying 1 resource
2020-06-28 00:35:47,709 [Worker-33: Building] INFO  o.e.m.c.i.embedder.EclipseLogger - Copying 0 resource
2020-06-28 00:35:47,709 [Worker-33: Building] INFO  o.e.m.c.i.embedder.EclipseLogger - Using 'UTF-8' encoding to copy filtered resources.
2020-06-28 00:35:47,709 [Worker-33: Building] INFO  o.e.m.c.i.embedder.EclipseLogger - skip non existing resourceDirectory G:\0 Software developement Practices\Java Programming\Spring.io.online-guide\Spring-Starter-Hello-World\src\test\resources
2020-06-28 00:35:53,109 [Worker-33: Building] INFO  o.e.m.c.i.embedder.EclipseLogger - Using 'UTF-8' encoding to copy filtered resources.
2020-06-28 00:35:53,109 [Worker-33: Building] INFO  o.e.m.c.i.embedder.EclipseLogger - Copying 1 resource
2020-06-28 00:35:53,109 [Worker-33: Building] INFO  o.e.m.c.i.embedder.EclipseLogger - Copying 0 resource
2020-06-28 00:35:53,109 [Worker-33: Building] INFO  o.e.m.c.i.embedder.EclipseLogger - Using 'UTF-8' encoding to copy filtered resources.
2020-06-28 00:35:53,109 [Worker-33: Building] INFO  o.e.m.c.i.embedder.EclipseLogger - skip non existing resourceDirectory G:\0 Software developement Practices\Java Programming\Spring.io.online-guide\Spring-Starter-Hello-World\src\test\resources
2020-06-28 00:36:00,941 [Worker-25: Building] INFO  o.e.m.c.i.embedder.EclipseLogger - Using 'UTF-8' encoding to copy filtered resources.
2020-06-28 00:36:00,941 [Worker-25: Building] INFO  o.e.m.c.i.embedder.EclipseLogger - Copying 1 resource
2020-06-28 00:36:00,941 [Worker-25: Building] INFO  o.e.m.c.i.embedder.EclipseLogger - Copying 0 resource
2020-06-28 00:36:00,941 [Worker-25: Building] INFO  o.e.m.c.i.embedder.EclipseLogger - Using 'UTF-8' encoding to copy filtered resources.
2020-06-28 00:36:00,941 [Worker-25: Building] INFO  o.e.m.c.i.embedder.EclipseLogger - skip non existing resourceDirectory G:\0 Software developement Practices\Java Programming\Spring.io.online-guide\Spring-Starter-Hello-World\src\test\resources
2020-06-28 00:36:29,221 [Worker-27: Building] INFO  o.e.m.c.i.embedder.EclipseLogger - Using 'UTF-8' encoding to copy filtered resources.
2020-06-28 00:36:29,221 [Worker-27: Building] INFO  o.e.m.c.i.embedder.EclipseLogger - Copying 1 resource
2020-06-28 00:36:29,221 [Worker-27: Building] INFO  o.e.m.c.i.embedder.EclipseLogger - Copying 0 resource
2020-06-28 00:36:29,221 [Worker-27: Building] INFO  o.e.m.c.i.embedder.EclipseLogger - Using 'UTF-8' encoding to copy filtered resources.
2020-06-28 00:36:29,221 [Worker-27: Building] INFO  o.e.m.c.i.embedder.EclipseLogger - skip non existing resourceDirectory G:\0 Software developement Practices\Java Programming\Spring.io.online-guide\Spring-Starter-Hello-World\src\test\resources
2020-06-28 00:36:32,700 [Worker-32: Building] INFO  o.e.m.c.i.embedder.EclipseLogger - Using 'UTF-8' encoding to copy filtered resources.
2020-06-28 00:36:32,700 [Worker-32: Building] INFO  o.e.m.c.i.embedder.EclipseLogger - Copying 1 resource
2020-06-28 00:36:32,716 [Worker-32: Building] INFO  o.e.m.c.i.embedder.EclipseLogger - Copying 0 resource
2020-06-28 00:36:32,716 [Worker-32: Building] INFO  o.e.m.c.i.embedder.EclipseLogger - Using 'UTF-8' encoding to copy filtered resources.
2020-06-28 00:36:32,716 [Worker-32: Building] INFO  o.e.m.c.i.embedder.EclipseLogger - skip non existing resourceDirectory G:\0 Software developement Practices\Java Programming\Spring.io.online-guide\Spring-Starter-Hello-World\src\test\resources
2020-06-28 00:36:35,976 [Worker-31: Building] INFO  o.e.m.c.i.embedder.EclipseLogger - Using 'UTF-8' encoding to copy filtered resources.
2020-06-28 00:36:35,976 [Worker-31: Building] INFO  o.e.m.c.i.embedder.EclipseLogger - Copying 1 resource
2020-06-28 00:36:35,992 [Worker-31: Building] INFO  o.e.m.c.i.embedder.EclipseLogger - Copying 0 resource
2020-06-28 00:36:35,992 [Worker-31: Building] INFO  o.e.m.c.i.embedder.EclipseLogger - Using 'UTF-8' encoding to copy filtered resources.
2020-06-28 00:36:35,992 [Worker-31: Building] INFO  o.e.m.c.i.embedder.EclipseLogger - skip non existing resourceDirectory G:\0 Software developement Practices\Java Programming\Spring.io.online-guide\Spring-Starter-Hello-World\src\test\resources
2020-06-28 00:36:40,296 [Worker-25: Building] INFO  o.e.m.c.i.embedder.EclipseLogger - Using 'UTF-8' encoding to copy filtered resources.
2020-06-28 00:36:40,296 [Worker-25: Building] INFO  o.e.m.c.i.embedder.EclipseLogger - Copying 1 resource
2020-06-28 00:36:40,312 [Worker-25: Building] INFO  o.e.m.c.i.embedder.EclipseLogger - Copying 0 resource
2020-06-28 00:36:40,312 [Worker-25: Building] INFO  o.e.m.c.i.embedder.EclipseLogger - Using 'UTF-8' encoding to copy filtered resources.
2020-06-28 00:36:40,312 [Worker-25: Building] INFO  o.e.m.c.i.embedder.EclipseLogger - skip non existing resourceDirectory G:\0 Software developement Practices\Java Programming\Spring.io.online-guide\Spring-Starter-Hello-World\src\test\resources
2020-06-28 00:36:47,582 [Worker-33: Building] INFO  o.e.m.c.i.embedder.EclipseLogger - Using 'UTF-8' encoding to copy filtered resources.
2020-06-28 00:36:47,582 [Worker-33: Building] INFO  o.e.m.c.i.embedder.EclipseLogger - Copying 1 resource
2020-06-28 00:36:47,582 [Worker-33: Building] INFO  o.e.m.c.i.embedder.EclipseLogger - Copying 0 resource
2020-06-28 00:36:47,598 [Worker-33: Building] INFO  o.e.m.c.i.embedder.EclipseLogger - Using 'UTF-8' encoding to copy filtered resources.
2020-06-28 00:36:47,598 [Worker-33: Building] INFO  o.e.m.c.i.embedder.EclipseLogger - skip non existing resourceDirectory G:\0 Software developement Practices\Java Programming\Spring.io.online-guide\Spring-Starter-Hello-World\src\test\resources
2020-06-28 00:36:56,040 [Worker-32: Building] INFO  o.e.m.c.i.embedder.EclipseLogger - Using 'UTF-8' encoding to copy filtered resources.
2020-06-28 00:36:56,040 [Worker-32: Building] INFO  o.e.m.c.i.embedder.EclipseLogger - Copying 1 resource
2020-06-28 00:36:56,040 [Worker-32: Building] INFO  o.e.m.c.i.embedder.EclipseLogger - Copying 0 resource
2020-06-28 00:36:56,040 [Worker-32: Building] INFO  o.e.m.c.i.embedder.EclipseLogger - Using 'UTF-8' encoding to copy filtered resources.
2020-06-28 00:36:56,040 [Worker-32: Building] INFO  o.e.m.c.i.embedder.EclipseLogger - skip non existing resourceDirectory G:\0 Software developement Practices\Java Programming\Spring.io.online-guide\Spring-Starter-Hello-World\src\test\resources
2020-06-28 00:37:14,476 [Worker-33: Building] INFO  o.e.m.c.i.embedder.EclipseLogger - Using 'UTF-8' encoding to copy filtered resources.
2020-06-28 00:37:14,476 [Worker-33: Building] INFO  o.e.m.c.i.embedder.EclipseLogger - Copying 1 resource
2020-06-28 00:37:14,492 [Worker-33: Building] INFO  o.e.m.c.i.embedder.EclipseLogger - Copying 0 resource
2020-06-28 00:37:14,492 [Worker-33: Building] INFO  o.e.m.c.i.embedder.EclipseLogger - Using 'UTF-8' encoding to copy filtered resources.
2020-06-28 00:37:14,492 [Worker-33: Building] INFO  o.e.m.c.i.embedder.EclipseLogger - skip non existing resourceDirectory G:\0 Software developement Practices\Java Programming\Spring.io.online-guide\Spring-Starter-Hello-World\src\test\resources
2020-06-28 00:37:22,143 [Worker-33: Building] INFO  o.e.m.c.i.embedder.EclipseLogger - Using 'UTF-8' encoding to copy filtered resources.
2020-06-28 00:37:22,143 [Worker-33: Building] INFO  o.e.m.c.i.embedder.EclipseLogger - Copying 1 resource
2020-06-28 00:37:22,159 [Worker-33: Building] INFO  o.e.m.c.i.embedder.EclipseLogger - Copying 0 resource
2020-06-28 00:37:22,159 [Worker-33: Building] INFO  o.e.m.c.i.embedder.EclipseLogger - Using 'UTF-8' encoding to copy filtered resources.
2020-06-28 00:37:22,159 [Worker-33: Building] INFO  o.e.m.c.i.embedder.EclipseLogger - skip non existing resourceDirectory G:\0 Software developement Practices\Java Programming\Spring.io.online-guide\Spring-Starter-Hello-World\src\test\resources
2020-06-28 00:38:19,511 [Worker-26: Building] INFO  o.e.m.c.i.embedder.EclipseLogger - Using 'UTF-8' encoding to copy filtered resources.
2020-06-28 00:38:19,511 [Worker-26: Building] INFO  o.e.m.c.i.embedder.EclipseLogger - Copying 1 resource
2020-06-28 00:38:19,511 [Worker-26: Building] INFO  o.e.m.c.i.embedder.EclipseLogger - Copying 0 resource
2020-06-28 00:38:19,527 [Worker-26: Building] INFO  o.e.m.c.i.embedder.EclipseLogger - Using 'UTF-8' encoding to copy filtered resources.
2020-06-28 00:38:19,527 [Worker-26: Building] INFO  o.e.m.c.i.embedder.EclipseLogger - skip non existing resourceDirectory G:\0 Software developement Practices\Java Programming\Spring.io.online-guide\Spring-Starter-Hello-World\src\test\resources
2020-06-28 00:39:26,153 [Worker-18: Building] INFO  o.e.m.c.i.embedder.EclipseLogger - Using 'UTF-8' encoding to copy filtered resources.
2020-06-28 00:39:26,153 [Worker-18: Building] INFO  o.e.m.c.i.embedder.EclipseLogger - Copying 1 resource
2020-06-28 00:39:26,153 [Worker-18: Building] INFO  o.e.m.c.i.embedder.EclipseLogger - Copying 0 resource
2020-06-28 00:39:26,169 [Worker-18: Building] INFO  o.e.m.c.i.embedder.EclipseLogger - Using 'UTF-8' encoding to copy filtered resources.
2020-06-28 00:39:26,169 [Worker-18: Building] INFO  o.e.m.c.i.embedder.EclipseLogger - skip non existing resourceDirectory G:\0 Software developement Practices\Java Programming\Spring.io.online-guide\Spring-Starter-Hello-World\src\test\resources
2020-06-28 00:40:29,476 [Worker-25: Building] INFO  o.e.m.c.i.embedder.EclipseLogger - Using 'UTF-8' encoding to copy filtered resources.
2020-06-28 00:40:29,492 [Worker-25: Building] INFO  o.e.m.c.i.embedder.EclipseLogger - Copying 1 resource
2020-06-28 00:40:29,492 [Worker-25: Building] INFO  o.e.m.c.i.embedder.EclipseLogger - Copying 0 resource
2020-06-28 00:40:29,492 [Worker-25: Building] INFO  o.e.m.c.i.embedder.EclipseLogger - Using 'UTF-8' encoding to copy filtered resources.
2020-06-28 00:40:29,492 [Worker-25: Building] INFO  o.e.m.c.i.embedder.EclipseLogger - skip non existing resourceDirectory G:\0 Software developement Practices\Java Programming\Spring.io.online-guide\Spring-Starter-Hello-World\src\test\resources
2020-06-28 00:40:40,990 [Worker-24: Building] INFO  o.e.m.c.i.embedder.EclipseLogger - Using 'UTF-8' encoding to copy filtered resources.
2020-06-28 00:40:40,990 [Worker-24: Building] INFO  o.e.m.c.i.embedder.EclipseLogger - Copying 1 resource
2020-06-28 00:40:41,005 [Worker-24: Building] INFO  o.e.m.c.i.embedder.EclipseLogger - Copying 0 resource
2020-06-28 00:40:41,005 [Worker-24: Building] INFO  o.e.m.c.i.embedder.EclipseLogger - Using 'UTF-8' encoding to copy filtered resources.
2020-06-28 00:40:41,005 [Worker-24: Building] INFO  o.e.m.c.i.embedder.EclipseLogger - skip non existing resourceDirectory G:\0 Software developement Practices\Java Programming\Spring.io.online-guide\Spring-Starter-Hello-World\src\test\resources
2020-06-28 00:41:37,139 [Worker-18: Building] INFO  o.e.m.c.i.embedder.EclipseLogger - Using 'UTF-8' encoding to copy filtered resources.
2020-06-28 00:41:37,139 [Worker-18: Building] INFO  o.e.m.c.i.embedder.EclipseLogger - Copying 1 resource
2020-06-28 00:41:37,139 [Worker-18: Building] INFO  o.e.m.c.i.embedder.EclipseLogger - Copying 0 resource
2020-06-28 00:41:37,139 [Worker-18: Building] INFO  o.e.m.c.i.embedder.EclipseLogger - Using 'UTF-8' encoding to copy filtered resources.
2020-06-28 00:41:37,139 [Worker-18: Building] INFO  o.e.m.c.i.embedder.EclipseLogger - skip non existing resourceDirectory G:\0 Software developement Practices\Java Programming\Spring.io.online-guide\Spring-Starter-Hello-World\src\test\resources
2020-06-28 00:41:40,222 [Worker-24: Building] INFO  o.e.m.c.i.embedder.EclipseLogger - Using 'UTF-8' encoding to copy filtered resources.
2020-06-28 00:41:40,222 [Worker-24: Building] INFO  o.e.m.c.i.embedder.EclipseLogger - Copying 1 resource
2020-06-28 00:41:40,222 [Worker-24: Building] INFO  o.e.m.c.i.embedder.EclipseLogger - Copying 0 resource
2020-06-28 00:41:40,222 [Worker-24: Building] INFO  o.e.m.c.i.embedder.EclipseLogger - Using 'UTF-8' encoding to copy filtered resources.
2020-06-28 00:41:40,222 [Worker-24: Building] INFO  o.e.m.c.i.embedder.EclipseLogger - skip non existing resourceDirectory G:\0 Software developement Practices\Java Programming\Spring.io.online-guide\Spring-Starter-Hello-World\src\test\resources
2020-06-28 00:42:16,696 [Worker-26: Building] INFO  o.e.m.c.i.embedder.EclipseLogger - Using 'UTF-8' encoding to copy filtered resources.
2020-06-28 00:42:16,696 [Worker-26: Building] INFO  o.e.m.c.i.embedder.EclipseLogger - Copying 1 resource
2020-06-28 00:42:16,712 [Worker-26: Building] INFO  o.e.m.c.i.embedder.EclipseLogger - Copying 0 resource
2020-06-28 00:42:16,712 [Worker-26: Building] INFO  o.e.m.c.i.embedder.EclipseLogger - Using 'UTF-8' encoding to copy filtered resources.
2020-06-28 00:42:16,712 [Worker-26: Building] INFO  o.e.m.c.i.embedder.EclipseLogger - skip non existing resourceDirectory G:\0 Software developement Practices\Java Programming\Spring.io.online-guide\Spring-Starter-Hello-World\src\test\resources
2020-06-28 00:45:34,786 [Worker-32: Building] INFO  o.e.m.c.i.embedder.EclipseLogger - Using 'UTF-8' encoding to copy filtered resources.
2020-06-28 00:45:34,786 [Worker-32: Building] INFO  o.e.m.c.i.embedder.EclipseLogger - Copying 1 resource
2020-06-28 00:45:34,786 [Worker-32: Building] INFO  o.e.m.c.i.embedder.EclipseLogger - Copying 0 resource
2020-06-28 00:45:34,786 [Worker-32: Building] INFO  o.e.m.c.i.embedder.EclipseLogger - Using 'UTF-8' encoding to copy filtered resources.
2020-06-28 00:45:34,786 [Worker-32: Building] INFO  o.e.m.c.i.embedder.EclipseLogger - skip non existing resourceDirectory G:\0 Software developement Practices\Java Programming\Spring.io.online-guide\Spring-Starter-Hello-World\src\test\resources
2020-06-28 00:45:45,194 [Worker-26: Building] INFO  o.e.m.c.i.embedder.EclipseLogger - Using 'UTF-8' encoding to copy filtered resources.
2020-06-28 00:45:45,194 [Worker-26: Building] INFO  o.e.m.c.i.embedder.EclipseLogger - Copying 1 resource
2020-06-28 00:45:45,194 [Worker-26: Building] INFO  o.e.m.c.i.embedder.EclipseLogger - Copying 0 resource
2020-06-28 00:45:45,210 [Worker-26: Building] INFO  o.e.m.c.i.embedder.EclipseLogger - Using 'UTF-8' encoding to copy filtered resources.
2020-06-28 00:45:45,210 [Worker-26: Building] INFO  o.e.m.c.i.embedder.EclipseLogger - skip non existing resourceDirectory G:\0 Software developement Practices\Java Programming\Spring.io.online-guide\Spring-Starter-Hello-World\src\test\resources
2020-06-28 00:46:02,945 [Worker-33: Building] INFO  o.e.m.c.i.embedder.EclipseLogger - Using 'UTF-8' encoding to copy filtered resources.
2020-06-28 00:46:02,945 [Worker-33: Building] INFO  o.e.m.c.i.embedder.EclipseLogger - Copying 1 resource
2020-06-28 00:46:02,945 [Worker-33: Building] INFO  o.e.m.c.i.embedder.EclipseLogger - Copying 0 resource
2020-06-28 00:46:02,945 [Worker-33: Building] INFO  o.e.m.c.i.embedder.EclipseLogger - Using 'UTF-8' encoding to copy filtered resources.
2020-06-28 00:46:02,945 [Worker-33: Building] INFO  o.e.m.c.i.embedder.EclipseLogger - skip non existing resourceDirectory G:\0 Software developement Practices\Java Programming\Spring.io.online-guide\Spring-Starter-Hello-World\src\test\resources
2020-06-28 00:46:13,832 [Worker-24: Building] INFO  o.e.m.c.i.embedder.EclipseLogger - Using 'UTF-8' encoding to copy filtered resources.
2020-06-28 00:46:13,832 [Worker-24: Building] INFO  o.e.m.c.i.embedder.EclipseLogger - Copying 1 resource
2020-06-28 00:46:13,832 [Worker-24: Building] INFO  o.e.m.c.i.embedder.EclipseLogger - Copying 0 resource
2020-06-28 00:46:13,847 [Worker-24: Building] INFO  o.e.m.c.i.embedder.EclipseLogger - Using 'UTF-8' encoding to copy filtered resources.
2020-06-28 00:46:13,847 [Worker-24: Building] INFO  o.e.m.c.i.embedder.EclipseLogger - skip non existing resourceDirectory G:\0 Software developement Practices\Java Programming\Spring.io.online-guide\Spring-Starter-Hello-World\src\test\resources
2020-06-28 00:46:14,924 [Worker-14: Building] INFO  o.e.m.c.i.embedder.EclipseLogger - Using 'UTF-8' encoding to copy filtered resources.
2020-06-28 00:46:14,924 [Worker-14: Building] INFO  o.e.m.c.i.embedder.EclipseLogger - Copying 1 resource
2020-06-28 00:46:14,924 [Worker-14: Building] INFO  o.e.m.c.i.embedder.EclipseLogger - Copying 0 resource
2020-06-28 00:46:14,924 [Worker-14: Building] INFO  o.e.m.c.i.embedder.EclipseLogger - Using 'UTF-8' encoding to copy filtered resources.
2020-06-28 00:46:14,924 [Worker-14: Building] INFO  o.e.m.c.i.embedder.EclipseLogger - skip non existing resourceDirectory G:\0 Software developement Practices\Java Programming\Spring.io.online-guide\Spring-Starter-Hello-World\src\test\resources
2020-06-28 00:46:19,651 [Worker-18: Building] INFO  o.e.m.c.i.embedder.EclipseLogger - Using 'UTF-8' encoding to copy filtered resources.
2020-06-28 00:46:19,651 [Worker-18: Building] INFO  o.e.m.c.i.embedder.EclipseLogger - Copying 1 resource
2020-06-28 00:46:19,666 [Worker-18: Building] INFO  o.e.m.c.i.embedder.EclipseLogger - Copying 0 resource
2020-06-28 00:46:19,666 [Worker-18: Building] INFO  o.e.m.c.i.embedder.EclipseLogger - Using 'UTF-8' encoding to copy filtered resources.
2020-06-28 00:46:19,666 [Worker-18: Building] INFO  o.e.m.c.i.embedder.EclipseLogger - skip non existing resourceDirectory G:\0 Software developement Practices\Java Programming\Spring.io.online-guide\Spring-Starter-Hello-World\src\test\resources
2020-06-28 00:47:12,847 [Worker-31: Building] INFO  o.e.m.c.i.embedder.EclipseLogger - Using 'UTF-8' encoding to copy filtered resources.
2020-06-28 00:47:12,847 [Worker-31: Building] INFO  o.e.m.c.i.embedder.EclipseLogger - Copying 1 resource
2020-06-28 00:47:12,847 [Worker-31: Building] INFO  o.e.m.c.i.embedder.EclipseLogger - Copying 0 resource
2020-06-28 00:47:12,847 [Worker-31: Building] INFO  o.e.m.c.i.embedder.EclipseLogger - Using 'UTF-8' encoding to copy filtered resources.
2020-06-28 00:47:12,847 [Worker-31: Building] INFO  o.e.m.c.i.embedder.EclipseLogger - skip non existing resourceDirectory G:\0 Software developement Practices\Java Programming\Spring.io.online-guide\Spring-Starter-Hello-World\src\test\resources
2020-06-28 00:48:40,389 [Worker-24: Launching SpringStarterHelloWorldApplication] INFO  o.e.m.c.i.embedder.EclipseLogger - Using 'UTF-8' encoding to copy filtered resources.
2020-06-28 00:48:40,389 [Worker-24: Launching SpringStarterHelloWorldApplication] INFO  o.e.m.c.i.embedder.EclipseLogger - Copying 1 resource
2020-06-28 00:48:40,389 [Worker-24: Launching SpringStarterHelloWorldApplication] INFO  o.e.m.c.i.embedder.EclipseLogger - Copying 0 resource
2020-06-28 00:48:40,389 [Worker-24: Launching SpringStarterHelloWorldApplication] INFO  o.e.m.c.i.embedder.EclipseLogger - Using 'UTF-8' encoding to copy filtered resources.
2020-06-28 00:48:40,389 [Worker-24: Launching SpringStarterHelloWorldApplication] INFO  o.e.m.c.i.embedder.EclipseLogger - skip non existing resourceDirectory G:\0 Software developement Practices\Java Programming\Spring.io.online-guide\Spring-Starter-Hello-World\src\test\resources
2020-06-28 00:49:03,958 [Worker-27: Building] INFO  o.e.m.c.i.embedder.EclipseLogger - Using 'UTF-8' encoding to copy filtered resources.
2020-06-28 00:49:03,958 [Worker-27: Building] INFO  o.e.m.c.i.embedder.EclipseLogger - Copying 1 resource
2020-06-28 00:49:03,958 [Worker-27: Building] INFO  o.e.m.c.i.embedder.EclipseLogger - Copying 0 resource
2020-06-28 00:49:04,036 [Worker-27: Building] INFO  o.e.m.c.i.embedder.EclipseLogger - Using 'UTF-8' encoding to copy filtered resources.
2020-06-28 00:49:04,036 [Worker-27: Building] INFO  o.e.m.c.i.embedder.EclipseLogger - skip non existing resourceDirectory G:\0 Software developement Practices\Java Programming\Spring.io.online-guide\Spring-Starter-Hello-World\src\test\resources
2020-06-28 00:51:18,215 [Worker-14: Building] INFO  o.e.m.c.i.embedder.EclipseLogger - Using 'UTF-8' encoding to copy filtered resources.
2020-06-28 00:51:18,215 [Worker-14: Building] INFO  o.e.m.c.i.embedder.EclipseLogger - Copying 1 resource
2020-06-28 00:51:18,215 [Worker-14: Building] INFO  o.e.m.c.i.embedder.EclipseLogger - Copying 0 resource
2020-06-28 00:51:18,215 [Worker-14: Building] INFO  o.e.m.c.i.embedder.EclipseLogger - Using 'UTF-8' encoding to copy filtered resources.
2020-06-28 00:51:18,215 [Worker-14: Building] INFO  o.e.m.c.i.embedder.EclipseLogger - skip non existing resourceDirectory G:\0 Software developement Practices\Java Programming\Spring.io.online-guide\Spring-Starter-Hello-World\src\test\resources
2020-06-28 00:55:16,214 [Worker-18: Building] INFO  o.e.m.c.i.embedder.EclipseLogger - Using 'UTF-8' encoding to copy filtered resources.
2020-06-28 00:55:16,214 [Worker-18: Building] INFO  o.e.m.c.i.embedder.EclipseLogger - Copying 1 resource
2020-06-28 00:55:16,214 [Worker-18: Building] INFO  o.e.m.c.i.embedder.EclipseLogger - Copying 0 resource
2020-06-28 00:55:16,214 [Worker-18: Building] INFO  o.e.m.c.i.embedder.EclipseLogger - Using 'UTF-8' encoding to copy filtered resources.
2020-06-28 00:55:16,214 [Worker-18: Building] INFO  o.e.m.c.i.embedder.EclipseLogger - skip non existing resourceDirectory G:\0 Software developement Practices\Java Programming\Spring.io.online-guide\Spring-Starter-Hello-World\src\test\resources
2020-06-28 00:55:27,384 [Worker-34: Building] INFO  o.e.m.c.i.embedder.EclipseLogger - Using 'UTF-8' encoding to copy filtered resources.
2020-06-28 00:55:27,384 [Worker-34: Building] INFO  o.e.m.c.i.embedder.EclipseLogger - Copying 1 resource
2020-06-28 00:55:27,384 [Worker-34: Building] INFO  o.e.m.c.i.embedder.EclipseLogger - Copying 0 resource
2020-06-28 00:55:27,384 [Worker-34: Building] INFO  o.e.m.c.i.embedder.EclipseLogger - Using 'UTF-8' encoding to copy filtered resources.
2020-06-28 00:55:27,384 [Worker-34: Building] INFO  o.e.m.c.i.embedder.EclipseLogger - skip non existing resourceDirectory G:\0 Software developement Practices\Java Programming\Spring.io.online-guide\Spring-Starter-Hello-World\src\test\resources
2020-06-28 00:56:20,141 [Worker-26: Building] INFO  o.e.m.c.i.embedder.EclipseLogger - Using 'UTF-8' encoding to copy filtered resources.
2020-06-28 00:56:20,141 [Worker-26: Building] INFO  o.e.m.c.i.embedder.EclipseLogger - Copying 1 resource
2020-06-28 00:56:20,141 [Worker-26: Building] INFO  o.e.m.c.i.embedder.EclipseLogger - Copying 0 resource
2020-06-28 00:56:20,141 [Worker-26: Building] INFO  o.e.m.c.i.embedder.EclipseLogger - Using 'UTF-8' encoding to copy filtered resources.
2020-06-28 00:56:20,141 [Worker-26: Building] INFO  o.e.m.c.i.embedder.EclipseLogger - skip non existing resourceDirectory G:\0 Software developement Practices\Java Programming\Spring.io.online-guide\Spring-Starter-Hello-World\src\test\resources
2020-06-28 00:56:25,180 [Worker-14: Building] INFO  o.e.m.c.i.embedder.EclipseLogger - Using 'UTF-8' encoding to copy filtered resources.
2020-06-28 00:56:25,180 [Worker-14: Building] INFO  o.e.m.c.i.embedder.EclipseLogger - Copying 1 resource
2020-06-28 00:56:25,180 [Worker-14: Building] INFO  o.e.m.c.i.embedder.EclipseLogger - Copying 0 resource
2020-06-28 00:56:25,180 [Worker-14: Building] INFO  o.e.m.c.i.embedder.EclipseLogger - Using 'UTF-8' encoding to copy filtered resources.
2020-06-28 00:56:25,180 [Worker-14: Building] INFO  o.e.m.c.i.embedder.EclipseLogger - skip non existing resourceDirectory G:\0 Software developement Practices\Java Programming\Spring.io.online-guide\Spring-Starter-Hello-World\src\test\resources
2020-06-28 00:56:43,247 [Worker-33: Building] INFO  o.e.m.c.i.embedder.EclipseLogger - Using 'UTF-8' encoding to copy filtered resources.
2020-06-28 00:56:43,262 [Worker-33: Building] INFO  o.e.m.c.i.embedder.EclipseLogger - Copying 1 resource
2020-06-28 00:56:43,262 [Worker-33: Building] INFO  o.e.m.c.i.embedder.EclipseLogger - Copying 0 resource
2020-06-28 00:56:43,262 [Worker-33: Building] INFO  o.e.m.c.i.embedder.EclipseLogger - Using 'UTF-8' encoding to copy filtered resources.
2020-06-28 00:56:43,262 [Worker-33: Building] INFO  o.e.m.c.i.embedder.EclipseLogger - skip non existing resourceDirectory G:\0 Software developement Practices\Java Programming\Spring.io.online-guide\Spring-Starter-Hello-World\src\test\resources
2020-06-28 00:56:45,338 [Worker-33: Building] INFO  o.e.m.c.i.embedder.EclipseLogger - Using 'UTF-8' encoding to copy filtered resources.
2020-06-28 00:56:45,338 [Worker-33: Building] INFO  o.e.m.c.i.embedder.EclipseLogger - Copying 1 resource
2020-06-28 00:56:45,338 [Worker-33: Building] INFO  o.e.m.c.i.embedder.EclipseLogger - Copying 0 resource
2020-06-28 00:56:45,338 [Worker-33: Building] INFO  o.e.m.c.i.embedder.EclipseLogger - Using 'UTF-8' encoding to copy filtered resources.
2020-06-28 00:56:45,338 [Worker-33: Building] INFO  o.e.m.c.i.embedder.EclipseLogger - skip non existing resourceDirectory G:\0 Software developement Practices\Java Programming\Spring.io.online-guide\Spring-Starter-Hello-World\src\test\resources
2020-06-28 00:57:04,769 [Worker-14: Building] INFO  o.e.m.c.i.embedder.EclipseLogger - Using 'UTF-8' encoding to copy filtered resources.
2020-06-28 00:57:04,769 [Worker-14: Building] INFO  o.e.m.c.i.embedder.EclipseLogger - Copying 1 resource
2020-06-28 00:57:04,769 [Worker-14: Building] INFO  o.e.m.c.i.embedder.EclipseLogger - Copying 0 resource
2020-06-28 00:57:04,769 [Worker-14: Building] INFO  o.e.m.c.i.embedder.EclipseLogger - Using 'UTF-8' encoding to copy filtered resources.
2020-06-28 00:57:04,769 [Worker-14: Building] INFO  o.e.m.c.i.embedder.EclipseLogger - skip non existing resourceDirectory G:\0 Software developement Practices\Java Programming\Spring.io.online-guide\Spring-Starter-Hello-World\src\test\resources
2020-06-28 00:57:08,201 [Worker-27: Building] INFO  o.e.m.c.i.embedder.EclipseLogger - Using 'UTF-8' encoding to copy filtered resources.
2020-06-28 00:57:08,201 [Worker-27: Building] INFO  o.e.m.c.i.embedder.EclipseLogger - Copying 1 resource
2020-06-28 00:57:08,201 [Worker-27: Building] INFO  o.e.m.c.i.embedder.EclipseLogger - Copying 0 resource
2020-06-28 00:57:08,201 [Worker-27: Building] INFO  o.e.m.c.i.embedder.EclipseLogger - Using 'UTF-8' encoding to copy filtered resources.
2020-06-28 00:57:08,201 [Worker-27: Building] INFO  o.e.m.c.i.embedder.EclipseLogger - skip non existing resourceDirectory G:\0 Software developement Practices\Java Programming\Spring.io.online-guide\Spring-Starter-Hello-World\src\test\resources
2020-06-28 11:54:32,226 [Worker-14: Building] INFO  o.e.m.c.i.embedder.EclipseLogger - Using 'UTF-8' encoding to copy filtered resources.
2020-06-28 11:54:32,226 [Worker-14: Building] INFO  o.e.m.c.i.embedder.EclipseLogger - Copying 1 resource
2020-06-28 11:54:32,241 [Worker-14: Building] INFO  o.e.m.c.i.embedder.EclipseLogger - Copying 0 resource
2020-06-28 11:54:32,241 [Worker-14: Building] INFO  o.e.m.c.i.embedder.EclipseLogger - Using 'UTF-8' encoding to copy filtered resources.
2020-06-28 11:54:32,241 [Worker-14: Building] INFO  o.e.m.c.i.embedder.EclipseLogger - skip non existing resourceDirectory G:\0 Software developement Practices\Java Programming\Spring.io.online-guide\Spring-Starter-Hello-World\src\test\resources
2020-06-28 11:54:49,966 [Worker-18: Building] INFO  o.e.m.c.i.embedder.EclipseLogger - Using 'UTF-8' encoding to copy filtered resources.
2020-06-28 11:54:49,966 [Worker-18: Building] INFO  o.e.m.c.i.embedder.EclipseLogger - Copying 1 resource
2020-06-28 11:54:49,981 [Worker-18: Building] INFO  o.e.m.c.i.embedder.EclipseLogger - Copying 0 resource
2020-06-28 11:54:49,981 [Worker-18: Building] INFO  o.e.m.c.i.embedder.EclipseLogger - Using 'UTF-8' encoding to copy filtered resources.
2020-06-28 11:54:49,981 [Worker-18: Building] INFO  o.e.m.c.i.embedder.EclipseLogger - skip non existing resourceDirectory G:\0 Software developement Practices\Java Programming\Spring.io.online-guide\Spring-Starter-Hello-World\src\test\resources
2020-06-28 11:54:53,118 [Worker-14: Building] INFO  o.e.m.c.i.embedder.EclipseLogger - Using 'UTF-8' encoding to copy filtered resources.
2020-06-28 11:54:53,118 [Worker-14: Building] INFO  o.e.m.c.i.embedder.EclipseLogger - Copying 1 resource
2020-06-28 11:54:53,118 [Worker-14: Building] INFO  o.e.m.c.i.embedder.EclipseLogger - Copying 0 resource
2020-06-28 11:54:53,133 [Worker-14: Building] INFO  o.e.m.c.i.embedder.EclipseLogger - Using 'UTF-8' encoding to copy filtered resources.
2020-06-28 11:54:53,133 [Worker-14: Building] INFO  o.e.m.c.i.embedder.EclipseLogger - skip non existing resourceDirectory G:\0 Software developement Practices\Java Programming\Spring.io.online-guide\Spring-Starter-Hello-World\src\test\resources
2020-06-28 11:55:24,398 [Worker-31: Building] INFO  o.e.m.c.i.embedder.EclipseLogger - Using 'UTF-8' encoding to copy filtered resources.
2020-06-28 11:55:24,398 [Worker-31: Building] INFO  o.e.m.c.i.embedder.EclipseLogger - Copying 1 resource
2020-06-28 11:55:24,398 [Worker-31: Building] INFO  o.e.m.c.i.embedder.EclipseLogger - Copying 0 resource
2020-06-28 11:55:24,413 [Worker-31: Building] INFO  o.e.m.c.i.embedder.EclipseLogger - Using 'UTF-8' encoding to copy filtered resources.
2020-06-28 11:55:24,413 [Worker-31: Building] INFO  o.e.m.c.i.embedder.EclipseLogger - skip non existing resourceDirectory G:\0 Software developement Practices\Java Programming\Spring.io.online-guide\Spring-Starter-Hello-World\src\test\resources
2020-06-28 11:59:42,099 [Worker-33: Building] INFO  o.e.m.c.i.embedder.EclipseLogger - Using 'UTF-8' encoding to copy filtered resources.
2020-06-28 11:59:42,099 [Worker-33: Building] INFO  o.e.m.c.i.embedder.EclipseLogger - Copying 1 resource
2020-06-28 11:59:42,099 [Worker-33: Building] INFO  o.e.m.c.i.embedder.EclipseLogger - Copying 0 resource
2020-06-28 11:59:42,099 [Worker-33: Building] INFO  o.e.m.c.i.embedder.EclipseLogger - Using 'UTF-8' encoding to copy filtered resources.
2020-06-28 11:59:42,099 [Worker-33: Building] INFO  o.e.m.c.i.embedder.EclipseLogger - skip non existing resourceDirectory G:\0 Software developement Practices\Java Programming\Spring.io.online-guide\Spring-Starter-Hello-World\src\test\resources
2020-06-28 12:01:06,499 [Worker-38: Building] INFO  o.e.m.c.i.embedder.EclipseLogger - Using 'UTF-8' encoding to copy filtered resources.
2020-06-28 12:01:06,499 [Worker-38: Building] INFO  o.e.m.c.i.embedder.EclipseLogger - Copying 1 resource
2020-06-28 12:01:06,499 [Worker-38: Building] INFO  o.e.m.c.i.embedder.EclipseLogger - Copying 0 resource
2020-06-28 12:01:06,515 [Worker-38: Building] INFO  o.e.m.c.i.embedder.EclipseLogger - Using 'UTF-8' encoding to copy filtered resources.
2020-06-28 12:01:06,515 [Worker-38: Building] INFO  o.e.m.c.i.embedder.EclipseLogger - skip non existing resourceDirectory G:\0 Software developement Practices\Java Programming\Spring.io.online-guide\Spring-Starter-Hello-World\src\test\resources
2020-06-28 12:03:07,843 [Worker-39: Building] INFO  o.e.m.c.i.embedder.EclipseLogger - Using 'UTF-8' encoding to copy filtered resources.
2020-06-28 12:03:07,843 [Worker-39: Building] INFO  o.e.m.c.i.embedder.EclipseLogger - Copying 1 resource
2020-06-28 12:03:07,843 [Worker-39: Building] INFO  o.e.m.c.i.embedder.EclipseLogger - Copying 0 resource
2020-06-28 12:03:07,859 [Worker-39: Building] INFO  o.e.m.c.i.embedder.EclipseLogger - Using 'UTF-8' encoding to copy filtered resources.
2020-06-28 12:03:07,859 [Worker-39: Building] INFO  o.e.m.c.i.embedder.EclipseLogger - skip non existing resourceDirectory G:\0 Software developement Practices\Java Programming\Spring.io.online-guide\Spring-Starter-Hello-World\src\test\resources
2020-06-28 12:04:55,232 [Worker-39: Building] INFO  o.e.m.c.i.embedder.EclipseLogger - Using 'UTF-8' encoding to copy filtered resources.
2020-06-28 12:04:55,247 [Worker-39: Building] INFO  o.e.m.c.i.embedder.EclipseLogger - Copying 1 resource
2020-06-28 12:04:55,247 [Worker-39: Building] INFO  o.e.m.c.i.embedder.EclipseLogger - Copying 0 resource
2020-06-28 12:04:55,247 [Worker-39: Building] INFO  o.e.m.c.i.embedder.EclipseLogger - Using 'UTF-8' encoding to copy filtered resources.
2020-06-28 12:04:55,247 [Worker-39: Building] INFO  o.e.m.c.i.embedder.EclipseLogger - skip non existing resourceDirectory G:\0 Software developement Practices\Java Programming\Spring.io.online-guide\Spring-Starter-Hello-World\src\test\resources
2020-06-28 12:04:57,322 [Worker-33: Building] INFO  o.e.m.c.i.embedder.EclipseLogger - Using 'UTF-8' encoding to copy filtered resources.
2020-06-28 12:04:57,322 [Worker-33: Building] INFO  o.e.m.c.i.embedder.EclipseLogger - Copying 1 resource
2020-06-28 12:04:57,322 [Worker-33: Building] INFO  o.e.m.c.i.embedder.EclipseLogger - Copying 0 resource
2020-06-28 12:04:57,322 [Worker-33: Building] INFO  o.e.m.c.i.embedder.EclipseLogger - Using 'UTF-8' encoding to copy filtered resources.
2020-06-28 12:04:57,322 [Worker-33: Building] INFO  o.e.m.c.i.embedder.EclipseLogger - skip non existing resourceDirectory G:\0 Software developement Practices\Java Programming\Spring.io.online-guide\Spring-Starter-Hello-World\src\test\resources
2020-06-28 12:06:11,055 [Worker-40: Building] INFO  o.e.m.c.i.embedder.EclipseLogger - Using 'UTF-8' encoding to copy filtered resources.
2020-06-28 12:06:11,055 [Worker-40: Building] INFO  o.e.m.c.i.embedder.EclipseLogger - Copying 1 resource
2020-06-28 12:06:11,055 [Worker-40: Building] INFO  o.e.m.c.i.embedder.EclipseLogger - Copying 0 resource
2020-06-28 12:06:11,071 [Worker-40: Building] INFO  o.e.m.c.i.embedder.EclipseLogger - Using 'UTF-8' encoding to copy filtered resources.
2020-06-28 12:06:11,071 [Worker-40: Building] INFO  o.e.m.c.i.embedder.EclipseLogger - skip non existing resourceDirectory G:\0 Software developement Practices\Java Programming\Spring.io.online-guide\Spring-Starter-Hello-World\src\test\resources
2020-06-28 12:06:15,190 [Worker-38: Building] INFO  o.e.m.c.i.embedder.EclipseLogger - Using 'UTF-8' encoding to copy filtered resources.
2020-06-28 12:06:15,206 [Worker-38: Building] INFO  o.e.m.c.i.embedder.EclipseLogger - Copying 1 resource
2020-06-28 12:06:15,206 [Worker-38: Building] INFO  o.e.m.c.i.embedder.EclipseLogger - Copying 0 resource
2020-06-28 12:06:15,206 [Worker-38: Building] INFO  o.e.m.c.i.embedder.EclipseLogger - Using 'UTF-8' encoding to copy filtered resources.
2020-06-28 12:06:15,206 [Worker-38: Building] INFO  o.e.m.c.i.embedder.EclipseLogger - skip non existing resourceDirectory G:\0 Software developement Practices\Java Programming\Spring.io.online-guide\Spring-Starter-Hello-World\src\test\resources
2020-06-28 12:06:19,278 [Worker-37: Building] INFO  o.e.m.c.i.embedder.EclipseLogger - Using 'UTF-8' encoding to copy filtered resources.
2020-06-28 12:06:19,278 [Worker-37: Building] INFO  o.e.m.c.i.embedder.EclipseLogger - Copying 1 resource
2020-06-28 12:06:19,293 [Worker-37: Building] INFO  o.e.m.c.i.embedder.EclipseLogger - Copying 0 resource
2020-06-28 12:06:19,293 [Worker-37: Building] INFO  o.e.m.c.i.embedder.EclipseLogger - Using 'UTF-8' encoding to copy filtered resources.
2020-06-28 12:06:19,293 [Worker-37: Building] INFO  o.e.m.c.i.embedder.EclipseLogger - skip non existing resourceDirectory G:\0 Software developement Practices\Java Programming\Spring.io.online-guide\Spring-Starter-Hello-World\src\test\resources
2020-06-28 12:06:24,722 [Worker-40: Building] INFO  o.e.m.c.i.embedder.EclipseLogger - Using 'UTF-8' encoding to copy filtered resources.
2020-06-28 12:06:24,722 [Worker-40: Building] INFO  o.e.m.c.i.embedder.EclipseLogger - Copying 1 resource
2020-06-28 12:06:24,722 [Worker-40: Building] INFO  o.e.m.c.i.embedder.EclipseLogger - Copying 0 resource
2020-06-28 12:06:24,722 [Worker-40: Building] INFO  o.e.m.c.i.embedder.EclipseLogger - Using 'UTF-8' encoding to copy filtered resources.
2020-06-28 12:06:24,722 [Worker-40: Building] INFO  o.e.m.c.i.embedder.EclipseLogger - skip non existing resourceDirectory G:\0 Software developement Practices\Java Programming\Spring.io.online-guide\Spring-Starter-Hello-World\src\test\resources
2020-06-28 12:10:21,031 [main] INFO  o.e.m2e.actions.ExecutePomAction - Creating new launch configuration
2020-06-28 12:12:17,823 [Worker-42: Launching Spring-Starter-Hello-World] INFO  o.e.m.i.launch.MavenLaunchDelegate - G:\0 Software developement Practices\Java Programming\Spring.io.online-guide\Spring-Starter-Hello-World
2020-06-28 12:12:17,827 [Worker-42: Launching Spring-Starter-Hello-World] INFO  o.e.m.i.launch.MavenLaunchDelegate -  mvn -Ppom.xml -B -Dmaven.test.skip=true -DskipTests package
2020-06-28 12:13:05,499 [Worker-43: Building] INFO  o.e.m.c.i.embedder.EclipseLogger - Using 'UTF-8' encoding to copy filtered resources.
2020-06-28 12:13:05,500 [Worker-43: Building] INFO  o.e.m.c.i.embedder.EclipseLogger - Copying 1 resource
2020-06-28 12:13:05,502 [Worker-43: Building] INFO  o.e.m.c.i.embedder.EclipseLogger - Copying 0 resource
2020-06-28 12:13:05,505 [Worker-43: Building] INFO  o.e.m.c.i.embedder.EclipseLogger - Using 'UTF-8' encoding to copy filtered resources.
2020-06-28 12:13:05,505 [Worker-43: Building] INFO  o.e.m.c.i.embedder.EclipseLogger - skip non existing resourceDirectory G:\0 Software developement Practices\Java Programming\Spring.io.online-guide\Spring-Starter-Hello-World\src\test\resources
2020-06-28 12:15:12,966 [Worker-43: Launching Executing clean in G__0 Software developement Practices_Java Programming_Spring.io.online-guide_Spring-Starter-Hello-World] INFO  o.e.m.i.launch.MavenLaunchDelegate - G:\0 Software developement Practices\Java Programming\Spring.io.online-guide\Spring-Starter-Hello-World
2020-06-28 12:15:12,966 [Worker-43: Launching Executing clean in G__0 Software developement Practices_Java Programming_Spring.io.online-guide_Spring-Starter-Hello-World] INFO  o.e.m.i.launch.MavenLaunchDelegate -  mvn -Ppom.xml -B clean
2020-06-28 12:15:17,480 [Worker-44: Building] INFO  o.e.m.c.i.embedder.EclipseLogger - Using 'UTF-8' encoding to copy filtered resources.
2020-06-28 12:15:17,480 [Worker-44: Building] INFO  o.e.m.c.i.embedder.EclipseLogger - Copying 1 resource
2020-06-28 12:15:17,482 [Worker-44: Building] INFO  o.e.m.c.i.embedder.EclipseLogger - Copying 0 resource
2020-06-28 12:15:17,485 [Worker-44: Building] INFO  o.e.m.c.i.embedder.EclipseLogger - Using 'UTF-8' encoding to copy filtered resources.
2020-06-28 12:15:17,485 [Worker-44: Building] INFO  o.e.m.c.i.embedder.EclipseLogger - skip non existing resourceDirectory G:\0 Software developement Practices\Java Programming\Spring.io.online-guide\Spring-Starter-Hello-World\src\test\resources
2020-06-28 12:16:54,199 [Worker-40: Building] INFO  o.e.m.c.i.l.LifecycleMappingFactory - Using org.eclipse.m2e.jdt.JarLifecycleMapping lifecycle mapping for MavenProject: jack:Spring-Starter-Hello-World:0.0.1-SNAPSHOT @ G:\0 Software developement Practices\Java Programming\Spring.io.online-guide\Spring-Starter-Hello-World\pom.xml.
2020-06-28 12:16:56,188 [Worker-40: Building] INFO  o.e.m.c.i.embedder.EclipseLogger - Using 'UTF-8' encoding to copy filtered resources.
2020-06-28 12:16:56,193 [Worker-40: Building] INFO  o.e.m.c.i.embedder.EclipseLogger - Copying 0 resource
2020-06-28 12:16:56,194 [Worker-40: Building] INFO  o.e.m.c.i.embedder.EclipseLogger - Copying 0 resource
2020-06-28 12:16:56,198 [Worker-40: Building] INFO  o.e.m.c.i.embedder.EclipseLogger - Using 'UTF-8' encoding to copy filtered resources.
2020-06-28 12:16:56,199 [Worker-40: Building] INFO  o.e.m.c.i.embedder.EclipseLogger - skip non existing resourceDirectory G:\0 Software developement Practices\Java Programming\Spring.io.online-guide\Spring-Starter-Hello-World\src\test\resources
2020-06-28 12:17:08,509 [Worker-43: Updating Maven Project] INFO  o.e.m.c.i.p.ProjectConfigurationManager - Update started
2020-06-28 12:17:09,208 [Worker-43: Updating Maven Project] INFO  o.e.m.c.i.l.LifecycleMappingFactory - Using org.eclipse.m2e.jdt.JarLifecycleMapping lifecycle mapping for MavenProject: jack:Spring-Starter-Hello-World:0.0.1-SNAPSHOT @ G:\0 Software developement Practices\Java Programming\Spring.io.online-guide\Spring-Starter-Hello-World\pom.xml.
2020-06-28 12:17:09,731 [Worker-43: Updating Maven Project] INFO  o.e.m.j.i.AbstractJavaProjectConfigurator - Adding source folder /Spring-Starter-Hello-World/src/main/java
2020-06-28 12:17:09,732 [Worker-43: Updating Maven Project] INFO  o.e.m.j.i.AbstractJavaProjectConfigurator - Adding resource folder /Spring-Starter-Hello-World/src/main/resources
2020-06-28 12:17:09,732 [Worker-43: Updating Maven Project] INFO  o.e.m.j.i.AbstractJavaProjectConfigurator - Adding resource folder /Spring-Starter-Hello-World/src/main/resources
2020-06-28 12:17:09,733 [Worker-43: Updating Maven Project] INFO  o.e.m.j.i.AbstractJavaProjectConfigurator - Adding source folder /Spring-Starter-Hello-World/src/test/java
2020-06-28 12:17:10,528 [Worker-43: Updating Maven Project] INFO  o.e.m.c.i.p.ProjectConfigurationManager - Update completed: 2 sec
2020-06-28 12:17:11,230 [Worker-43: Building] INFO  o.e.m.c.i.embedder.EclipseLogger - Using 'UTF-8' encoding to copy filtered resources.
2020-06-28 12:17:11,230 [Worker-43: Building] INFO  o.e.m.c.i.embedder.EclipseLogger - Copying 1 resource
2020-06-28 12:17:11,261 [Worker-43: Building] INFO  o.e.m.c.i.embedder.EclipseLogger - Copying 0 resource
2020-06-28 12:17:11,261 [Worker-43: Building] INFO  o.e.m.c.i.embedder.EclipseLogger - Using 'UTF-8' encoding to copy filtered resources.
2020-06-28 12:17:11,261 [Worker-43: Building] INFO  o.e.m.c.i.embedder.EclipseLogger - skip non existing resourceDirectory G:\0 Software developement Practices\Java Programming\Spring.io.online-guide\Spring-Starter-Hello-World\src\test\resources
2020-06-28 12:17:31,679 [Worker-45: Building] INFO  o.e.m.c.i.l.LifecycleMappingFactory - Using org.eclipse.m2e.jdt.JarLifecycleMapping lifecycle mapping for MavenProject: jack:Spring-Starter-Hello-World:0.0.1-SNAPSHOT @ G:\0 Software developement Practices\Java Programming\Spring.io.online-guide\Spring-Starter-Hello-World\pom.xml.
2020-06-28 12:17:32,311 [Worker-45: Building] INFO  o.e.m.c.i.embedder.EclipseLogger - Using 'UTF-8' encoding to copy filtered resources.
2020-06-28 12:17:32,318 [Worker-45: Building] INFO  o.e.m.c.i.embedder.EclipseLogger - Copying 0 resource
2020-06-28 12:17:32,318 [Worker-45: Building] INFO  o.e.m.c.i.embedder.EclipseLogger - Copying 0 resource
2020-06-28 12:17:32,322 [Worker-45: Building] INFO  o.e.m.c.i.embedder.EclipseLogger - Using 'UTF-8' encoding to copy filtered resources.
2020-06-28 12:17:32,323 [Worker-45: Building] INFO  o.e.m.c.i.embedder.EclipseLogger - skip non existing resourceDirectory G:\0 Software developement Practices\Java Programming\Spring.io.online-guide\Spring-Starter-Hello-World\src\test\resources
2020-06-28 12:17:36,836 [Worker-38: Updating Maven Project] INFO  o.e.m.c.i.p.ProjectConfigurationManager - Update started
2020-06-28 12:17:37,528 [Worker-38: Updating Maven Project] INFO  o.e.m.c.i.l.LifecycleMappingFactory - Using org.eclipse.m2e.jdt.JarLifecycleMapping lifecycle mapping for MavenProject: jack:Spring-Starter-Hello-World:0.0.1-SNAPSHOT @ G:\0 Software developement Practices\Java Programming\Spring.io.online-guide\Spring-Starter-Hello-World\pom.xml.
2020-06-28 12:17:38,049 [Worker-38: Updating Maven Project] INFO  o.e.m.j.i.AbstractJavaProjectConfigurator - Adding source folder /Spring-Starter-Hello-World/src/main/java
2020-06-28 12:17:38,050 [Worker-38: Updating Maven Project] INFO  o.e.m.j.i.AbstractJavaProjectConfigurator - Adding resource folder /Spring-Starter-Hello-World/src/main/resources
2020-06-28 12:17:38,050 [Worker-38: Updating Maven Project] INFO  o.e.m.j.i.AbstractJavaProjectConfigurator - Adding resource folder /Spring-Starter-Hello-World/src/main/resources
2020-06-28 12:17:38,051 [Worker-38: Updating Maven Project] INFO  o.e.m.j.i.AbstractJavaProjectConfigurator - Adding source folder /Spring-Starter-Hello-World/src/test/java
2020-06-28 12:17:38,373 [Worker-38: Updating Maven Project] INFO  o.e.m.c.i.p.ProjectConfigurationManager - Update completed: 1 sec
2020-06-28 12:17:39,225 [Worker-26: Building] INFO  o.e.m.c.i.embedder.EclipseLogger - Using 'UTF-8' encoding to copy filtered resources.
2020-06-28 12:17:39,226 [Worker-26: Building] INFO  o.e.m.c.i.embedder.EclipseLogger - Copying 1 resource
2020-06-28 12:17:39,252 [Worker-26: Building] INFO  o.e.m.c.i.embedder.EclipseLogger - Copying 0 resource
2020-06-28 12:17:39,260 [Worker-26: Building] INFO  o.e.m.c.i.embedder.EclipseLogger - Using 'UTF-8' encoding to copy filtered resources.
2020-06-28 12:17:39,261 [Worker-26: Building] INFO  o.e.m.c.i.embedder.EclipseLogger - skip non existing resourceDirectory G:\0 Software developement Practices\Java Programming\Spring.io.online-guide\Spring-Starter-Hello-World\src\test\resources
2020-06-28 12:18:49,250 [Worker-47: Building] INFO  o.e.m.c.i.embedder.EclipseLogger - Using 'UTF-8' encoding to copy filtered resources.
2020-06-28 12:18:49,252 [Worker-47: Building] INFO  o.e.m.c.i.embedder.EclipseLogger - Copying 1 resource
2020-06-28 12:18:49,254 [Worker-47: Building] INFO  o.e.m.c.i.embedder.EclipseLogger - Copying 0 resource
2020-06-28 12:18:49,256 [Worker-47: Building] INFO  o.e.m.c.i.embedder.EclipseLogger - Using 'UTF-8' encoding to copy filtered resources.
2020-06-28 12:18:49,256 [Worker-47: Building] INFO  o.e.m.c.i.embedder.EclipseLogger - skip non existing resourceDirectory G:\0 Software developement Practices\Java Programming\Spring.io.online-guide\Spring-Starter-Hello-World\src\test\resources
2020-06-28 12:18:54,993 [Worker-40: Building] INFO  o.e.m.c.i.embedder.EclipseLogger - Using 'UTF-8' encoding to copy filtered resources.
2020-06-28 12:18:54,994 [Worker-40: Building] INFO  o.e.m.c.i.embedder.EclipseLogger - Copying 1 resource
2020-06-28 12:18:54,995 [Worker-40: Building] INFO  o.e.m.c.i.embedder.EclipseLogger - Copying 0 resource
2020-06-28 12:18:54,999 [Worker-40: Building] INFO  o.e.m.c.i.embedder.EclipseLogger - Using 'UTF-8' encoding to copy filtered resources.
2020-06-28 12:18:54,999 [Worker-40: Building] INFO  o.e.m.c.i.embedder.EclipseLogger - skip non existing resourceDirectory G:\0 Software developement Practices\Java Programming\Spring.io.online-guide\Spring-Starter-Hello-World\src\test\resources
2020-06-28 12:19:03,207 [main] INFO  o.e.m2e.actions.ExecutePomAction - Creating new launch configuration
2020-06-28 12:19:06,579 [Worker-26: Launching Spring-Starter-Hello-World (1)] INFO  o.e.m.i.launch.MavenLaunchDelegate - G:\0 Software developement Practices\Java Programming\Spring.io.online-guide\Spring-Starter-Hello-World
2020-06-28 12:19:06,580 [Worker-26: Launching Spring-Starter-Hello-World (1)] INFO  o.e.m.i.launch.MavenLaunchDelegate -  mvn -Ppom.xml -B package
2020-06-28 12:20:15,742 [Worker-43: Launching Executing clean in G__0 Software developement Practices_Java Programming_Spring.io.online-guide_Spring-Starter-Hello-World] INFO  o.e.m.i.launch.MavenLaunchDelegate - G:\0 Software developement Practices\Java Programming\Spring.io.online-guide\Spring-Starter-Hello-World
2020-06-28 12:20:15,742 [Worker-43: Launching Executing clean in G__0 Software developement Practices_Java Programming_Spring.io.online-guide_Spring-Starter-Hello-World] INFO  o.e.m.i.launch.MavenLaunchDelegate -  mvn -Ppom.xml -B clean
2020-06-28 12:20:19,649 [Worker-46: Building] INFO  o.e.m.c.i.embedder.EclipseLogger - Using 'UTF-8' encoding to copy filtered resources.
2020-06-28 12:20:19,650 [Worker-46: Building] INFO  o.e.m.c.i.embedder.EclipseLogger - Copying 1 resource
2020-06-28 12:20:19,652 [Worker-46: Building] INFO  o.e.m.c.i.embedder.EclipseLogger - Copying 0 resource
2020-06-28 12:20:19,654 [Worker-46: Building] INFO  o.e.m.c.i.embedder.EclipseLogger - Using 'UTF-8' encoding to copy filtered resources.
2020-06-28 12:20:19,654 [Worker-46: Building] INFO  o.e.m.c.i.embedder.EclipseLogger - skip non existing resourceDirectory G:\0 Software developement Practices\Java Programming\Spring.io.online-guide\Spring-Starter-Hello-World\src\test\resources
2020-06-28 12:20:32,166 [main] INFO  o.e.m.c.i.l.LifecycleMappingFactory - Using org.eclipse.m2e.jdt.JarLifecycleMapping lifecycle mapping for MavenProject: jack:Spring-Starter-Hello-World:0.0.1-SNAPSHOT @ G:\0 Software developement Practices\Java Programming\Spring.io.online-guide\Spring-Starter-Hello-World\pom.xml.
2020-06-28 12:20:45,029 [Worker-44: Building] INFO  o.e.m.c.i.l.LifecycleMappingFactory - Using org.eclipse.m2e.jdt.JarLifecycleMapping lifecycle mapping for MavenProject: jack:Spring-Starter-Hello-World:0.0.1-SNAPSHOT @ G:\0 Software developement Practices\Java Programming\Spring.io.online-guide\Spring-Starter-Hello-World\pom.xml.
2020-06-28 12:20:45,893 [Worker-44: Building] INFO  o.e.m.c.i.embedder.EclipseLogger - Using 'UTF-8' encoding to copy filtered resources.
2020-06-28 12:20:45,899 [Worker-44: Building] INFO  o.e.m.c.i.embedder.EclipseLogger - Copying 0 resource
2020-06-28 12:20:45,900 [Worker-44: Building] INFO  o.e.m.c.i.embedder.EclipseLogger - Copying 0 resource
2020-06-28 12:20:45,910 [Worker-44: Building] INFO  o.e.m.c.i.embedder.EclipseLogger - Using 'UTF-8' encoding to copy filtered resources.
2020-06-28 12:20:45,910 [Worker-44: Building] INFO  o.e.m.c.i.embedder.EclipseLogger - skip non existing resourceDirectory G:\0 Software developement Practices\Java Programming\Spring.io.online-guide\Spring-Starter-Hello-World\src\test\resources
2020-06-28 12:20:45,915 [Worker-46: Updating Spring-Starter-Hello-World Sources] INFO  o.e.m.c.i.p.ProjectConfigurationManager - Update started
2020-06-28 12:20:46,626 [Worker-46: Updating Spring-Starter-Hello-World Sources] INFO  o.e.m.c.i.l.LifecycleMappingFactory - Using org.eclipse.m2e.jdt.JarLifecycleMapping lifecycle mapping for MavenProject: jack:Spring-Starter-Hello-World:0.0.1-SNAPSHOT @ G:\0 Software developement Practices\Java Programming\Spring.io.online-guide\Spring-Starter-Hello-World\pom.xml.
2020-06-28 12:20:47,718 [Worker-46: Updating Spring-Starter-Hello-World Sources] INFO  o.e.m.j.i.AbstractJavaProjectConfigurator - Adding source folder /Spring-Starter-Hello-World/src/main/java
2020-06-28 12:20:47,719 [Worker-46: Updating Spring-Starter-Hello-World Sources] INFO  o.e.m.j.i.AbstractJavaProjectConfigurator - Adding resource folder /Spring-Starter-Hello-World/src/main/resources
2020-06-28 12:20:47,719 [Worker-46: Updating Spring-Starter-Hello-World Sources] INFO  o.e.m.j.i.AbstractJavaProjectConfigurator - Adding resource folder /Spring-Starter-Hello-World/src/main/resources
2020-06-28 12:20:47,720 [Worker-46: Updating Spring-Starter-Hello-World Sources] INFO  o.e.m.j.i.AbstractJavaProjectConfigurator - Adding source folder /Spring-Starter-Hello-World/src/test/java
2020-06-28 12:20:47,983 [Worker-46: Updating Spring-Starter-Hello-World Sources] INFO  o.e.m.c.i.p.ProjectConfigurationManager - Update completed: 2 sec
2020-06-28 12:20:48,361 [Worker-48: Building] INFO  o.e.m.c.i.embedder.EclipseLogger - Using 'UTF-8' encoding to copy filtered resources.
2020-06-28 12:20:48,362 [Worker-48: Building] INFO  o.e.m.c.i.embedder.EclipseLogger - Copying 1 resource
2020-06-28 12:20:48,402 [Worker-48: Building] INFO  o.e.m.c.i.embedder.EclipseLogger - Copying 0 resource
2020-06-28 12:20:48,420 [Worker-48: Building] INFO  o.e.m.c.i.embedder.EclipseLogger - Using 'UTF-8' encoding to copy filtered resources.
2020-06-28 12:20:48,421 [Worker-48: Building] INFO  o.e.m.c.i.embedder.EclipseLogger - skip non existing resourceDirectory G:\0 Software developement Practices\Java Programming\Spring.io.online-guide\Spring-Starter-Hello-World\src\test\resources
2020-06-28 12:21:00,332 [main] INFO  o.e.m2e.actions.ExecutePomAction - Creating new launch configuration
2020-06-28 12:21:09,190 [Worker-43: Launching Spring-Starter-Hello-World (2)] INFO  o.e.m.i.launch.MavenLaunchDelegate - G:\0 Software developement Practices\Java Programming\Spring.io.online-guide\Spring-Starter-Hello-World
2020-06-28 12:21:09,190 [Worker-43: Launching Spring-Starter-Hello-World (2)] INFO  o.e.m.i.launch.MavenLaunchDelegate -  mvn -B package
2020-06-28 12:23:35,605 [Worker-43: Launching Executing clean in G__0 Software developement Practices_Java Programming_Spring.io.online-guide_Spring-Starter-Hello-World] INFO  o.e.m.i.launch.MavenLaunchDelegate - G:\0 Software developement Practices\Java Programming\Spring.io.online-guide\Spring-Starter-Hello-World
2020-06-28 12:23:35,606 [Worker-43: Launching Executing clean in G__0 Software developement Practices_Java Programming_Spring.io.online-guide_Spring-Starter-Hello-World] INFO  o.e.m.i.launch.MavenLaunchDelegate -  mvn -B clean
2020-06-28 12:23:39,537 [Worker-47: Building] INFO  o.e.m.c.i.embedder.EclipseLogger - Using 'UTF-8' encoding to copy filtered resources.
2020-06-28 12:23:39,537 [Worker-47: Building] INFO  o.e.m.c.i.embedder.EclipseLogger - Copying 1 resource
2020-06-28 12:23:39,537 [Worker-47: Building] INFO  o.e.m.c.i.embedder.EclipseLogger - Copying 0 resource
2020-06-28 12:23:39,537 [Worker-47: Building] INFO  o.e.m.c.i.embedder.EclipseLogger - Using 'UTF-8' encoding to copy filtered resources.
2020-06-28 12:23:39,537 [Worker-47: Building] INFO  o.e.m.c.i.embedder.EclipseLogger - skip non existing resourceDirectory G:\0 Software developement Practices\Java Programming\Spring.io.online-guide\Spring-Starter-Hello-World\src\test\resources
